Using pre-set license
Built from '2020.3/staging' branch; Version is '2020.3.14f1 (d0d1bb862f9d) revision 13685179'; Using compiler version '192528614'; Build Type 'Release'
OS: 'Windows 10 Home; OS build 19044.1645; Version 2009; 64bit' Language: 'en' Physical Memory: 16196 MB
BatchMode: 1, IsHumanControllingUs: 0, StartBugReporterOnCrash: 0, Is64bit: 1, IsPro: 0

 COMMAND LINE ARGUMENTS:
C:\Program Files\Unity\Hub\Editor\2020.3.14f1\Editor\Unity.exe
-adb2
-batchMode
-noUpm
-name
AssetImportWorker0
-projectPath
C:/Users/iroch/OneDrive/Desktop/School_Stuff/Spring_2022/ECE 4424/FinalProject/NavMesh-Tutorial-master/NavMesh Example Project
-logFile
Logs/AssetImportWorker0.log
-srvPort
52858
Successfully changed project path to: C:/Users/iroch/OneDrive/Desktop/School_Stuff/Spring_2022/ECE 4424/FinalProject/NavMesh-Tutorial-master/NavMesh Example Project
C:/Users/iroch/OneDrive/Desktop/School_Stuff/Spring_2022/ECE 4424/FinalProject/NavMesh-Tutorial-master/NavMesh Example Project
Using Asset Import Pipeline V2.
Refreshing native plugins compatible for Editor in 27.22 ms, found 2 plugins.
Preloading 0 native plugins for Editor in 0.00 ms.
Initialize engine version: 2020.3.14f1 (d0d1bb862f9d)
[Subsystems] Discovering subsystems at path C:/Program Files/Unity/Hub/Editor/2020.3.14f1/Editor/Data/Resources/UnitySubsystems
[Subsystems] Discovering subsystems at path C:/Users/iroch/OneDrive/Desktop/School_Stuff/Spring_2022/ECE 4424/FinalProject/NavMesh-Tutorial-master/NavMesh Example Project/Assets
GfxDevice: creating device client; threaded=0
Direct3D:
    Version:  Direct3D 11.0 [level 11.1]
    Renderer: NVIDIA GeForce RTX 2060 (ID=0x1f11)
    Vendor:   
    VRAM:     5980 MB
    Driver:   27.21.14.6231
Initialize mono
Mono path[0] = 'C:/Program Files/Unity/Hub/Editor/2020.3.14f1/Editor/Data/Managed'
Mono path[1] = 'C:/Program Files/Unity/Hub/Editor/2020.3.14f1/Editor/Data/MonoBleedingEdge/lib/mono/unityjit'
Mono config path = 'C:/Program Files/Unity/Hub/Editor/2020.3.14f1/Editor/Data/MonoBleedingEdge/etc'
Using monoOptions --debugger-agent=transport=dt_socket,embedding=1,server=y,suspend=n,address=127.0.0.1:56308
Begin MonoManager ReloadAssembly
Registering precompiled unity dll's ...
Register platform support module: C:/Program Files/Unity/Hub/Editor/2020.3.14f1/Editor/Data/PlaybackEngines/WindowsStandaloneSupport/UnityEditor.WindowsStandalone.Extensions.dll
Registered in 0.002736 seconds.
Native extension for WindowsStandalone target not found
Refreshing native plugins compatible for Editor in 24.25 ms, found 2 plugins.
Preloading 0 native plugins for Editor in 0.00 ms.
Mono: successfully reloaded assembly
- Completed reload, in  1.087 seconds
Domain Reload Profiling:
	ReloadAssembly (1087ms)
		BeginReloadAssembly (61ms)
			ExecutionOrderSort (0ms)
			DisableScriptedObjects (0ms)
			BackupInstance (0ms)
			ReleaseScriptingObjects (0ms)
			CreateAndSetChildDomain (1ms)
		EndReloadAssembly (389ms)
			LoadAssemblies (59ms)
			RebuildTransferFunctionScriptingTraits (0ms)
			SetupTypeCache (146ms)
			ReleaseScriptCaches (0ms)
			RebuildScriptCaches (31ms)
			SetupLoadedEditorAssemblies (144ms)
				LogAssemblyErrors (0ms)
				InitializePlatformSupportModulesInManaged (4ms)
				SetLoadedEditorAssemblies (0ms)
				RefreshPlugins (24ms)
				BeforeProcessingInitializeOnLoad (6ms)
				ProcessInitializeOnLoadAttributes (81ms)
				ProcessInitializeOnLoadMethodAttributes (29ms)
				AfterProcessingInitializeOnLoad (0ms)
				EditorAssembliesLoaded (0ms)
			ExecutionOrderSort2 (0ms)
			AwakeInstancesAfterBackupRestoration (0ms)
Platform modules already initialized, skipping
Registering precompiled user dll's ...
Registered in 0.007120 seconds.
Begin MonoManager ReloadAssembly
Native extension for WindowsStandalone target not found
Refreshing native plugins compatible for Editor in 0.28 ms, found 2 plugins.
Preloading 0 native plugins for Editor in 0.00 ms.
Mono: successfully reloaded assembly
- Completed reload, in  1.001 seconds
Domain Reload Profiling:
	ReloadAssembly (1002ms)
		BeginReloadAssembly (150ms)
			ExecutionOrderSort (0ms)
			DisableScriptedObjects (4ms)
			BackupInstance (0ms)
			ReleaseScriptingObjects (0ms)
			CreateAndSetChildDomain (19ms)
		EndReloadAssembly (784ms)
			LoadAssemblies (103ms)
			RebuildTransferFunctionScriptingTraits (0ms)
			SetupTypeCache (284ms)
			ReleaseScriptCaches (0ms)
			RebuildScriptCaches (41ms)
			SetupLoadedEditorAssemblies (275ms)
				LogAssemblyErrors (0ms)
				InitializePlatformSupportModulesInManaged (5ms)
				SetLoadedEditorAssemblies (0ms)
				RefreshPlugins (0ms)
				BeforeProcessingInitializeOnLoad (53ms)
				ProcessInitializeOnLoadAttributes (204ms)
				ProcessInitializeOnLoadMethodAttributes (4ms)
				AfterProcessingInitializeOnLoad (8ms)
				EditorAssembliesLoaded (0ms)
			ExecutionOrderSort2 (0ms)
			AwakeInstancesAfterBackupRestoration (6ms)
Platform modules already initialized, skipping
========================================================================
Worker process is ready to serve import requests
Launched and connected shader compiler UnityShaderCompiler.exe after 0.05 seconds
Refreshing native plugins compatible for Editor in 0.43 ms, found 2 plugins.
Preloading 0 native plugins for Editor in 0.00 ms.
Unloading 1402 Unused Serialized files (Serialized files now loaded: 0)
System memory in use before: 65.6 MB.
System memory in use after: 65.6 MB.

Unloading 18 unused Assets to reduce memory usage. Loaded Objects now: 1836.
Total: 1.795000 ms (FindLiveObjects: 0.157900 ms CreateObjectMapping: 0.052900 ms MarkObjects: 1.527200 ms  DeleteObjects: 0.056100 ms)

AssetImportParameters requested are different than current active one (requested -> active):
  custom:framework-win-MediaFoundation: 216162199b28c13a410421893ffa2e32 -> 
  custom:video-decoder-ogg-theora: a1e56fd34408186e4bbccfd4996cb3dc -> 
  custom:container-muxer-webm: aa71ff27fc2769a1b78a27578f13a17b -> 
  custom:container-demuxer-webm: 4f35f7cbe854078d1ac9338744f61a02 -> 
  custom:container-demuxer-ogg: 62fdf1f143b41e24485cea50d1cbac27 -> 
  custom:video-encoder-webm-vp8: eb34c28f22e8b96e1ab97ce403110664 -> 
  custom:video-codec-MediaFoundation-h265: 746d11721c4dcdbdad8f713fa42b33f4 -> 
  custom:video-decoder-webm-vp8: 9c59270c3fd7afecdb556c50c9e8de78 -> 
  custom:audio-decoder-ogg-vorbis: bf7c407c2cedff20999df2af8eb42d56 -> 
  custom:audio-encoder-webm-vorbis: bf7c407c2cedff20999df2af8eb42d56 -> 
========================================================================
Received Import Request.
  path: Assets/Example01 - Basics/Materials/Walls.mat
  artifactKey: Guid(516e6b06e20bb974aa29ea7459753cbe) Importer(815301076,1909f56bfc062723c751e8b465ee728b)
Start importing Assets/Example01 - Basics/Materials/Walls.mat using Guid(516e6b06e20bb974aa29ea7459753cbe) Importer(815301076,1909f56bfc062723c751e8b465ee728b)  -> (artifact id: '8182991dc41173c9f271264c0487988f') in 0.216584 seconds 
  Import took 0.218618 seconds .

========================================================================
Received Import Request.
  Time since last request: 0.000195 seconds.
  path: Assets/Example01 - Basics
  artifactKey: Guid(681462158618ff14eb5993e39e8d0f19) Importer(815301076,1909f56bfc062723c751e8b465ee728b)
Start importing Assets/Example01 - Basics using Guid(681462158618ff14eb5993e39e8d0f19) Importer(815301076,1909f56bfc062723c751e8b465ee728b)  -> (artifact id: '1cb8f847afbeb85a2476ea3f483ddf78') in 0.003120 seconds 
  Import took 0.005063 seconds .

========================================================================
Received Import Request.
  Time since last request: 0.000201 seconds.
  path: Assets/Example01 - Basics/Level.fbx
  artifactKey: Guid(172276cc9c6eac545ac9183214a11a68) Importer(815301076,1909f56bfc062723c751e8b465ee728b)
Start importing Assets/Example01 - Basics/Level.fbx using Guid(172276cc9c6eac545ac9183214a11a68) Importer(815301076,1909f56bfc062723c751e8b465ee728b)  -> (artifact id: '9d9c2059286fbd45634cd58f27fd530d') in 0.172198 seconds 
  Import took 0.174349 seconds .

========================================================================
Received Import Request.
  Time since last request: 0.000231 seconds.
  path: Assets/Example01 - Basics/Materials
  artifactKey: Guid(ae0ed63b2453e1146bdd4d6e616fe315) Importer(815301076,1909f56bfc062723c751e8b465ee728b)
Start importing Assets/Example01 - Basics/Materials using Guid(ae0ed63b2453e1146bdd4d6e616fe315) Importer(815301076,1909f56bfc062723c751e8b465ee728b)  -> (artifact id: 'a711d89f7584c41783f7672772be456e') in 0.003199 seconds 
  Import took 0.005072 seconds .

========================================================================
Received Import Request.
  Time since last request: 0.000544 seconds.
  path: Assets/Example01 - Basics/Materials/Player.mat
  artifactKey: Guid(98dfaa90a779f3e41818a88ee8ec8cc3) Importer(815301076,1909f56bfc062723c751e8b465ee728b)
Start importing Assets/Example01 - Basics/Materials/Player.mat using Guid(98dfaa90a779f3e41818a88ee8ec8cc3) Importer(815301076,1909f56bfc062723c751e8b465ee728b)  -> (artifact id: 'a20cf8ff6cdf1cee5bbf15dda8327a45') in 0.010968 seconds 
  Import took 0.013056 seconds .

========================================================================
Received Import Request.
  Time since last request: 0.000195 seconds.
  path: Assets/Example01 - Basics/Materials/Ground.mat
  artifactKey: Guid(3f3eb11f68c607144aa56d9f83cd26c9) Importer(815301076,1909f56bfc062723c751e8b465ee728b)
Start importing Assets/Example01 - Basics/Materials/Ground.mat using Guid(3f3eb11f68c607144aa56d9f83cd26c9) Importer(815301076,1909f56bfc062723c751e8b465ee728b)  -> (artifact id: '26e805c971c2091d8396ae00583c5ffd') in 0.011971 seconds 
  Import took 0.014166 seconds .

========================================================================
Received Import Request.
  Time since last request: 12.903497 seconds.
  path: Assets/NavMeshComponents/Scripts
  artifactKey: Guid(ce138f3bd105d8049b1020fee879265f) Importer(815301076,1909f56bfc062723c751e8b465ee728b)
Start importing Assets/NavMeshComponents/Scripts using Guid(ce138f3bd105d8049b1020fee879265f) Importer(815301076,1909f56bfc062723c751e8b465ee728b)  -> (artifact id: '2413aba0c75129a46d908a14ba465b00') in 0.003165 seconds 
  Import took 0.005241 seconds .

========================================================================
Received Import Request.
  Time since last request: 3.945472 seconds.
  path: Assets/NavMeshComponents/Scripts/NavMeshLink.cs
  artifactKey: Guid(fd3f0c8df3e6f2f41a45b75127c00b31) Importer(815301076,1909f56bfc062723c751e8b465ee728b)
Start importing Assets/NavMeshComponents/Scripts/NavMeshLink.cs using Guid(fd3f0c8df3e6f2f41a45b75127c00b31) Importer(815301076,1909f56bfc062723c751e8b465ee728b)  -> (artifact id: '163f1f5d4011a282c4bae442c8c4e375') in 0.010428 seconds 
  Import took 0.012789 seconds .

========================================================================
Received Prepare
Refreshing native plugins compatible for Editor in 4.86 ms, found 2 plugins.
Preloading 0 native plugins for Editor in 0.00 ms.
Unloading 11 Unused Serialized files (Serialized files now loaded: 0)
System memory in use before: 41.0 MB.
System memory in use after: 41.1 MB.

Unloading 12 unused Assets to reduce memory usage. Loaded Objects now: 1879.
Total: 2.167500 ms (FindLiveObjects: 0.144400 ms CreateObjectMapping: 0.042700 ms MarkObjects: 1.962700 ms  DeleteObjects: 0.016900 ms)

AssetImportParameters requested are different than current active one (requested -> active):
  custom:framework-win-MediaFoundation: 216162199b28c13a410421893ffa2e32 -> 
  custom:video-decoder-ogg-theora: a1e56fd34408186e4bbccfd4996cb3dc -> 
  custom:container-muxer-webm: aa71ff27fc2769a1b78a27578f13a17b -> 
  custom:container-demuxer-webm: 4f35f7cbe854078d1ac9338744f61a02 -> 
  custom:container-demuxer-ogg: 62fdf1f143b41e24485cea50d1cbac27 -> 
  custom:video-encoder-webm-vp8: eb34c28f22e8b96e1ab97ce403110664 -> 
  custom:video-codec-MediaFoundation-h265: 746d11721c4dcdbdad8f713fa42b33f4 -> 
  custom:video-decoder-webm-vp8: 9c59270c3fd7afecdb556c50c9e8de78 -> 
  custom:audio-decoder-ogg-vorbis: bf7c407c2cedff20999df2af8eb42d56 -> 
  custom:audio-encoder-webm-vorbis: bf7c407c2cedff20999df2af8eb42d56 -> 
========================================================================
Received Import Request.
  Time since last request: 49.215615 seconds.
  path: Assets/NavMeshComponents/Scripts/NavMeshModifier.cs
  artifactKey: Guid(6d07ce676d7afda4dabb3b0f7dd5e654) Importer(815301076,1909f56bfc062723c751e8b465ee728b)
Start importing Assets/NavMeshComponents/Scripts/NavMeshModifier.cs using Guid(6d07ce676d7afda4dabb3b0f7dd5e654) Importer(815301076,1909f56bfc062723c751e8b465ee728b)  -> (artifact id: '6cf40ffcf9e0c7095000c511038f4c7e') in 0.003160 seconds 
  Import took 0.005240 seconds .

========================================================================
Received Import Request.
  Time since last request: 37.592808 seconds.
  path: Assets/NavMeshComponents/Scripts/NavMeshSurface.cs
  artifactKey: Guid(3df27b9289d1e8c4fb82e0df4f4673ba) Importer(815301076,1909f56bfc062723c751e8b465ee728b)
Start importing Assets/NavMeshComponents/Scripts/NavMeshSurface.cs using Guid(3df27b9289d1e8c4fb82e0df4f4673ba) Importer(815301076,1909f56bfc062723c751e8b465ee728b)  -> (artifact id: '94fa65a042708d534cda9f6648f8c81e') in 0.003489 seconds 
  Import took 0.006992 seconds .

========================================================================
Received Import Request.
  Time since last request: 0.004446 seconds.
  path: Assets/NavMeshComponents/Scripts/NavMeshSurface.cs
  artifactKey: Guid(3df27b9289d1e8c4fb82e0df4f4673ba) Importer(815301076,1909f56bfc062723c751e8b465ee728b)
Start importing Assets/NavMeshComponents/Scripts/NavMeshSurface.cs using Guid(3df27b9289d1e8c4fb82e0df4f4673ba) Importer(815301076,1909f56bfc062723c751e8b465ee728b)  -> (artifact id: '94fa65a042708d534cda9f6648f8c81e') in 0.003976 seconds 
  Import took 0.007500 seconds .

========================================================================
Received Import Request.
  Time since last request: 8.096959 seconds.
  path: Assets/NavMeshComponents/Scripts/NavMeshModifierVolume.cs
  artifactKey: Guid(2777bba7e4e7c6f4681e3ea77eef5438) Importer(815301076,1909f56bfc062723c751e8b465ee728b)
Start importing Assets/NavMeshComponents/Scripts/NavMeshModifierVolume.cs using Guid(2777bba7e4e7c6f4681e3ea77eef5438) Importer(815301076,1909f56bfc062723c751e8b465ee728b)  -> (artifact id: '137a6b27e73cb5ccb40ca3d84ad3bcd0') in 0.004855 seconds 
  Import took 0.008116 seconds .

========================================================================
Received Prepare
Registering precompiled user dll's ...
Registered in 0.008322 seconds.
Begin MonoManager ReloadAssembly
Native extension for WindowsStandalone target not found
Refreshing native plugins compatible for Editor in 0.33 ms, found 2 plugins.
Preloading 0 native plugins for Editor in 0.00 ms.
Mono: successfully reloaded assembly
- Completed reload, in  0.935 seconds
Domain Reload Profiling:
	ReloadAssembly (935ms)
		BeginReloadAssembly (110ms)
			ExecutionOrderSort (0ms)
			DisableScriptedObjects (4ms)
			BackupInstance (0ms)
			ReleaseScriptingObjects (0ms)
			CreateAndSetChildDomain (28ms)
		EndReloadAssembly (765ms)
			LoadAssemblies (89ms)
			RebuildTransferFunctionScriptingTraits (0ms)
			SetupTypeCache (245ms)
			ReleaseScriptCaches (1ms)
			RebuildScriptCaches (34ms)
			SetupLoadedEditorAssemblies (270ms)
				LogAssemblyErrors (0ms)
				InitializePlatformSupportModulesInManaged (5ms)
				SetLoadedEditorAssemblies (0ms)
				RefreshPlugins (0ms)
				BeforeProcessingInitializeOnLoad (57ms)
				ProcessInitializeOnLoadAttributes (195ms)
				ProcessInitializeOnLoadMethodAttributes (4ms)
				AfterProcessingInitializeOnLoad (9ms)
				EditorAssembliesLoaded (0ms)
			ExecutionOrderSort2 (0ms)
			AwakeInstancesAfterBackupRestoration (6ms)
Platform modules already initialized, skipping
Refreshing native plugins compatible for Editor in 0.28 ms, found 2 plugins.
Preloading 0 native plugins for Editor in 0.00 ms.
Unloading 1396 Unused Serialized files (Serialized files now loaded: 0)
System memory in use before: 68.9 MB.
System memory in use after: 69.0 MB.

Unloading 13 unused Assets to reduce memory usage. Loaded Objects now: 1882.
Total: 1.656400 ms (FindLiveObjects: 0.136200 ms CreateObjectMapping: 0.042900 ms MarkObjects: 1.459300 ms  DeleteObjects: 0.017400 ms)

AssetImportParameters requested are different than current active one (requested -> active):
  custom:framework-win-MediaFoundation: 216162199b28c13a410421893ffa2e32 -> 
  custom:video-decoder-ogg-theora: a1e56fd34408186e4bbccfd4996cb3dc -> 
  custom:container-muxer-webm: aa71ff27fc2769a1b78a27578f13a17b -> 
  custom:container-demuxer-webm: 4f35f7cbe854078d1ac9338744f61a02 -> 
  custom:container-demuxer-ogg: 62fdf1f143b41e24485cea50d1cbac27 -> 
  custom:video-encoder-webm-vp8: eb34c28f22e8b96e1ab97ce403110664 -> 
  custom:video-codec-MediaFoundation-h265: 746d11721c4dcdbdad8f713fa42b33f4 -> 
  custom:video-decoder-webm-vp8: 9c59270c3fd7afecdb556c50c9e8de78 -> 
  custom:audio-decoder-ogg-vorbis: bf7c407c2cedff20999df2af8eb42d56 -> 
  custom:audio-encoder-webm-vorbis: bf7c407c2cedff20999df2af8eb42d56 -> 
========================================================================
Received Import Request.
  Time since last request: 1279.603657 seconds.
  path: ProjectSettings/TagManager.asset
  artifactKey: Guid(00000000000000003000000000000000) Importer(815301076,1909f56bfc062723c751e8b465ee728b)
Start importing ProjectSettings/TagManager.asset using Guid(00000000000000003000000000000000) Importer(815301076,1909f56bfc062723c751e8b465ee728b)  -> (artifact id: 'ce6a35c3cddc746e7501c0bd0ed6d4ce') in 0.018039 seconds 
  Import took 0.021146 seconds .

========================================================================
Received Import Request.
  Time since last request: 0.001252 seconds.
  path: ProjectSettings/TagManager.asset
  artifactKey: Guid(00000000000000003000000000000000) Importer(815301076,1909f56bfc062723c751e8b465ee728b)
Start importing ProjectSettings/TagManager.asset using Guid(00000000000000003000000000000000) Importer(815301076,1909f56bfc062723c751e8b465ee728b)  -> (artifact id: 'ce6a35c3cddc746e7501c0bd0ed6d4ce') in 0.004822 seconds 
  Import took 0.007840 seconds .

========================================================================
Received Prepare
Registering precompiled user dll's ...
Registered in 0.006764 seconds.
Begin MonoManager ReloadAssembly
Native extension for WindowsStandalone target not found
Refreshing native plugins compatible for Editor in 0.33 ms, found 2 plugins.
Preloading 0 native plugins for Editor in 0.00 ms.
Mono: successfully reloaded assembly
- Completed reload, in  0.969 seconds
Domain Reload Profiling:
	ReloadAssembly (970ms)
		BeginReloadAssembly (121ms)
			ExecutionOrderSort (0ms)
			DisableScriptedObjects (4ms)
			BackupInstance (0ms)
			ReleaseScriptingObjects (0ms)
			CreateAndSetChildDomain (30ms)
		EndReloadAssembly (784ms)
			LoadAssemblies (101ms)
			RebuildTransferFunctionScriptingTraits (0ms)
			SetupTypeCache (280ms)
			ReleaseScriptCaches (1ms)
			RebuildScriptCaches (35ms)
			SetupLoadedEditorAssemblies (280ms)
				LogAssemblyErrors (0ms)
				InitializePlatformSupportModulesInManaged (5ms)
				SetLoadedEditorAssemblies (1ms)
				RefreshPlugins (0ms)
				BeforeProcessingInitializeOnLoad (51ms)
				ProcessInitializeOnLoadAttributes (210ms)
				ProcessInitializeOnLoadMethodAttributes (4ms)
				AfterProcessingInitializeOnLoad (9ms)
				EditorAssembliesLoaded (0ms)
			ExecutionOrderSort2 (0ms)
			AwakeInstancesAfterBackupRestoration (6ms)
Platform modules already initialized, skipping
Refreshing native plugins compatible for Editor in 0.28 ms, found 2 plugins.
Preloading 0 native plugins for Editor in 0.00 ms.
Unloading 1397 Unused Serialized files (Serialized files now loaded: 0)
System memory in use before: 68.9 MB.
System memory in use after: 69.0 MB.

Unloading 15 unused Assets to reduce memory usage. Loaded Objects now: 1886.
Total: 1.826500 ms (FindLiveObjects: 0.142300 ms CreateObjectMapping: 0.043800 ms MarkObjects: 1.608800 ms  DeleteObjects: 0.030500 ms)

AssetImportParameters requested are different than current active one (requested -> active):
  custom:framework-win-MediaFoundation: 216162199b28c13a410421893ffa2e32 -> 
  custom:video-decoder-ogg-theora: a1e56fd34408186e4bbccfd4996cb3dc -> 
  custom:container-muxer-webm: aa71ff27fc2769a1b78a27578f13a17b -> 
  custom:container-demuxer-webm: 4f35f7cbe854078d1ac9338744f61a02 -> 
  custom:container-demuxer-ogg: 62fdf1f143b41e24485cea50d1cbac27 -> 
  custom:video-encoder-webm-vp8: eb34c28f22e8b96e1ab97ce403110664 -> 
  custom:video-codec-MediaFoundation-h265: 746d11721c4dcdbdad8f713fa42b33f4 -> 
  custom:video-decoder-webm-vp8: 9c59270c3fd7afecdb556c50c9e8de78 -> 
  custom:audio-decoder-ogg-vorbis: bf7c407c2cedff20999df2af8eb42d56 -> 
  custom:audio-encoder-webm-vorbis: bf7c407c2cedff20999df2af8eb42d56 -> 
========================================================================
Received Prepare
Registering precompiled user dll's ...
Registered in 0.006933 seconds.
Begin MonoManager ReloadAssembly
Native extension for WindowsStandalone target not found
Refreshing native plugins compatible for Editor in 0.28 ms, found 2 plugins.
Preloading 0 native plugins for Editor in 0.00 ms.
Mono: successfully reloaded assembly
- Completed reload, in  0.894 seconds
Domain Reload Profiling:
	ReloadAssembly (894ms)
		BeginReloadAssembly (116ms)
			ExecutionOrderSort (0ms)
			DisableScriptedObjects (4ms)
			BackupInstance (0ms)
			ReleaseScriptingObjects (0ms)
			CreateAndSetChildDomain (29ms)
		EndReloadAssembly (712ms)
			LoadAssemblies (101ms)
			RebuildTransferFunctionScriptingTraits (0ms)
			SetupTypeCache (249ms)
			ReleaseScriptCaches (1ms)
			RebuildScriptCaches (33ms)
			SetupLoadedEditorAssemblies (251ms)
				LogAssemblyErrors (0ms)
				InitializePlatformSupportModulesInManaged (5ms)
				SetLoadedEditorAssemblies (0ms)
				RefreshPlugins (0ms)
				BeforeProcessingInitializeOnLoad (47ms)
				ProcessInitializeOnLoadAttributes (185ms)
				ProcessInitializeOnLoadMethodAttributes (4ms)
				AfterProcessingInitializeOnLoad (8ms)
				EditorAssembliesLoaded (0ms)
			ExecutionOrderSort2 (0ms)
			AwakeInstancesAfterBackupRestoration (7ms)
Platform modules already initialized, skipping
Refreshing native plugins compatible for Editor in 0.66 ms, found 2 plugins.
Preloading 0 native plugins for Editor in 0.00 ms.
Unloading 1397 Unused Serialized files (Serialized files now loaded: 0)
System memory in use before: 68.9 MB.
System memory in use after: 69.0 MB.

Unloading 13 unused Assets to reduce memory usage. Loaded Objects now: 1889.
Total: 2.325300 ms (FindLiveObjects: 0.208000 ms CreateObjectMapping: 0.065200 ms MarkObjects: 1.990700 ms  DeleteObjects: 0.057500 ms)

AssetImportParameters requested are different than current active one (requested -> active):
  custom:framework-win-MediaFoundation: 216162199b28c13a410421893ffa2e32 -> 
  custom:video-decoder-ogg-theora: a1e56fd34408186e4bbccfd4996cb3dc -> 
  custom:container-muxer-webm: aa71ff27fc2769a1b78a27578f13a17b -> 
  custom:container-demuxer-webm: 4f35f7cbe854078d1ac9338744f61a02 -> 
  custom:container-demuxer-ogg: 62fdf1f143b41e24485cea50d1cbac27 -> 
  custom:video-encoder-webm-vp8: eb34c28f22e8b96e1ab97ce403110664 -> 
  custom:video-codec-MediaFoundation-h265: 746d11721c4dcdbdad8f713fa42b33f4 -> 
  custom:video-decoder-webm-vp8: 9c59270c3fd7afecdb556c50c9e8de78 -> 
  custom:audio-decoder-ogg-vorbis: bf7c407c2cedff20999df2af8eb42d56 -> 
  custom:audio-encoder-webm-vorbis: bf7c407c2cedff20999df2af8eb42d56 -> 
========================================================================
Received Import Request.
  Time since last request: 733.658916 seconds.
  path: Assets/PlayerController.cs
  artifactKey: Guid(42660fcb5c46d924294408a63217172a) Importer(815301076,1909f56bfc062723c751e8b465ee728b)
Start importing Assets/PlayerController.cs using Guid(42660fcb5c46d924294408a63217172a) Importer(815301076,1909f56bfc062723c751e8b465ee728b)  -> (artifact id: 'b73137c387dccdb4b56f5ae1ad06753d') in 0.006726 seconds 
  Import took 0.008912 seconds .

========================================================================
Received Prepare
Registering precompiled user dll's ...
Registered in 0.006954 seconds.
Begin MonoManager ReloadAssembly
Native extension for WindowsStandalone target not found
Refreshing native plugins compatible for Editor in 0.49 ms, found 2 plugins.
Preloading 0 native plugins for Editor in 0.00 ms.
Mono: successfully reloaded assembly
- Completed reload, in  0.916 seconds
Domain Reload Profiling:
	ReloadAssembly (917ms)
		BeginReloadAssembly (118ms)
			ExecutionOrderSort (0ms)
			DisableScriptedObjects (4ms)
			BackupInstance (0ms)
			ReleaseScriptingObjects (0ms)
			CreateAndSetChildDomain (28ms)
		EndReloadAssembly (737ms)
			LoadAssemblies (92ms)
			RebuildTransferFunctionScriptingTraits (0ms)
			SetupTypeCache (244ms)
			ReleaseScriptCaches (1ms)
			RebuildScriptCaches (33ms)
			SetupLoadedEditorAssemblies (272ms)
				LogAssemblyErrors (0ms)
				InitializePlatformSupportModulesInManaged (6ms)
				SetLoadedEditorAssemblies (1ms)
				RefreshPlugins (1ms)
				BeforeProcessingInitializeOnLoad (63ms)
				ProcessInitializeOnLoadAttributes (190ms)
				ProcessInitializeOnLoadMethodAttributes (3ms)
				AfterProcessingInitializeOnLoad (8ms)
				EditorAssembliesLoaded (0ms)
			ExecutionOrderSort2 (0ms)
			AwakeInstancesAfterBackupRestoration (6ms)
Platform modules already initialized, skipping
Refreshing native plugins compatible for Editor in 0.27 ms, found 2 plugins.
Preloading 0 native plugins for Editor in 0.00 ms.
Unloading 1397 Unused Serialized files (Serialized files now loaded: 0)
System memory in use before: 68.9 MB.
System memory in use after: 69.1 MB.

Unloading 13 unused Assets to reduce memory usage. Loaded Objects now: 1892.
Total: 1.721300 ms (FindLiveObjects: 0.130000 ms CreateObjectMapping: 0.040700 ms MarkObjects: 1.536700 ms  DeleteObjects: 0.013000 ms)

AssetImportParameters requested are different than current active one (requested -> active):
  custom:framework-win-MediaFoundation: 216162199b28c13a410421893ffa2e32 -> 
  custom:video-decoder-ogg-theora: a1e56fd34408186e4bbccfd4996cb3dc -> 
  custom:container-muxer-webm: aa71ff27fc2769a1b78a27578f13a17b -> 
  custom:container-demuxer-webm: 4f35f7cbe854078d1ac9338744f61a02 -> 
  custom:container-demuxer-ogg: 62fdf1f143b41e24485cea50d1cbac27 -> 
  custom:video-encoder-webm-vp8: eb34c28f22e8b96e1ab97ce403110664 -> 
  custom:video-codec-MediaFoundation-h265: 746d11721c4dcdbdad8f713fa42b33f4 -> 
  custom:video-decoder-webm-vp8: 9c59270c3fd7afecdb556c50c9e8de78 -> 
  custom:audio-decoder-ogg-vorbis: bf7c407c2cedff20999df2af8eb42d56 -> 
  custom:audio-encoder-webm-vorbis: bf7c407c2cedff20999df2af8eb42d56 -> 
========================================================================
Received Import Request.
  Time since last request: 25.753282 seconds.
  path: Assets/PlayerController.cs
  artifactKey: Guid(42660fcb5c46d924294408a63217172a) Importer(815301076,1909f56bfc062723c751e8b465ee728b)
Start importing Assets/PlayerController.cs using Guid(42660fcb5c46d924294408a63217172a) Importer(815301076,1909f56bfc062723c751e8b465ee728b)  -> (artifact id: 'da9e9fbe67d0254bccc6e5696331d778') in 0.004798 seconds 
  Import took 0.006717 seconds .

========================================================================
Received Prepare
Registering precompiled user dll's ...
Registered in 0.007186 seconds.
Begin MonoManager ReloadAssembly
Native extension for WindowsStandalone target not found
Refreshing native plugins compatible for Editor in 0.28 ms, found 2 plugins.
Preloading 0 native plugins for Editor in 0.00 ms.
Mono: successfully reloaded assembly
- Completed reload, in  0.903 seconds
Domain Reload Profiling:
	ReloadAssembly (903ms)
		BeginReloadAssembly (122ms)
			ExecutionOrderSort (0ms)
			DisableScriptedObjects (4ms)
			BackupInstance (0ms)
			ReleaseScriptingObjects (0ms)
			CreateAndSetChildDomain (28ms)
		EndReloadAssembly (718ms)
			LoadAssemblies (107ms)
			RebuildTransferFunctionScriptingTraits (0ms)
			SetupTypeCache (244ms)
			ReleaseScriptCaches (1ms)
			RebuildScriptCaches (34ms)
			SetupLoadedEditorAssemblies (255ms)
				LogAssemblyErrors (0ms)
				InitializePlatformSupportModulesInManaged (5ms)
				SetLoadedEditorAssemblies (0ms)
				RefreshPlugins (0ms)
				BeforeProcessingInitializeOnLoad (49ms)
				ProcessInitializeOnLoadAttributes (188ms)
				ProcessInitializeOnLoadMethodAttributes (3ms)
				AfterProcessingInitializeOnLoad (9ms)
				EditorAssembliesLoaded (0ms)
			ExecutionOrderSort2 (0ms)
			AwakeInstancesAfterBackupRestoration (6ms)
Platform modules already initialized, skipping
Refreshing native plugins compatible for Editor in 0.27 ms, found 2 plugins.
Preloading 0 native plugins for Editor in 0.00 ms.
Unloading 1397 Unused Serialized files (Serialized files now loaded: 0)
System memory in use before: 69.0 MB.
System memory in use after: 69.1 MB.

Unloading 13 unused Assets to reduce memory usage. Loaded Objects now: 1895.
Total: 1.647800 ms (FindLiveObjects: 0.135900 ms CreateObjectMapping: 0.040500 ms MarkObjects: 1.455900 ms  DeleteObjects: 0.014500 ms)

AssetImportParameters requested are different than current active one (requested -> active):
  custom:framework-win-MediaFoundation: 216162199b28c13a410421893ffa2e32 -> 
  custom:video-decoder-ogg-theora: a1e56fd34408186e4bbccfd4996cb3dc -> 
  custom:container-muxer-webm: aa71ff27fc2769a1b78a27578f13a17b -> 
  custom:container-demuxer-webm: 4f35f7cbe854078d1ac9338744f61a02 -> 
  custom:container-demuxer-ogg: 62fdf1f143b41e24485cea50d1cbac27 -> 
  custom:video-encoder-webm-vp8: eb34c28f22e8b96e1ab97ce403110664 -> 
  custom:video-codec-MediaFoundation-h265: 746d11721c4dcdbdad8f713fa42b33f4 -> 
  custom:video-decoder-webm-vp8: 9c59270c3fd7afecdb556c50c9e8de78 -> 
  custom:audio-decoder-ogg-vorbis: bf7c407c2cedff20999df2af8eb42d56 -> 
  custom:audio-encoder-webm-vorbis: bf7c407c2cedff20999df2af8eb42d56 -> 
========================================================================
Received Import Request.
  Time since last request: 4087.473571 seconds.
  path: Assets/PlayerController.cs
  artifactKey: Guid(42660fcb5c46d924294408a63217172a) Importer(815301076,1909f56bfc062723c751e8b465ee728b)
Start importing Assets/PlayerController.cs using Guid(42660fcb5c46d924294408a63217172a) Importer(815301076,1909f56bfc062723c751e8b465ee728b)  -> (artifact id: '08cdf2e1a0bbf9a8f795fc1968f94f1b') in 0.004775 seconds 
  Import took 0.006722 seconds .

========================================================================
Received Prepare
Registering precompiled user dll's ...
Registered in 0.007234 seconds.
Begin MonoManager ReloadAssembly
Native extension for WindowsStandalone target not found
Refreshing native plugins compatible for Editor in 0.31 ms, found 2 plugins.
Preloading 0 native plugins for Editor in 0.00 ms.
Mono: successfully reloaded assembly
- Completed reload, in  1.012 seconds
Domain Reload Profiling:
	ReloadAssembly (1013ms)
		BeginReloadAssembly (120ms)
			ExecutionOrderSort (0ms)
			DisableScriptedObjects (4ms)
			BackupInstance (0ms)
			ReleaseScriptingObjects (0ms)
			CreateAndSetChildDomain (28ms)
		EndReloadAssembly (821ms)
			LoadAssemblies (98ms)
			RebuildTransferFunctionScriptingTraits (0ms)
			SetupTypeCache (288ms)
			ReleaseScriptCaches (1ms)
			RebuildScriptCaches (42ms)
			SetupLoadedEditorAssemblies (296ms)
				LogAssemblyErrors (0ms)
				InitializePlatformSupportModulesInManaged (5ms)
				SetLoadedEditorAssemblies (0ms)
				RefreshPlugins (0ms)
				BeforeProcessingInitializeOnLoad (59ms)
				ProcessInitializeOnLoadAttributes (217ms)
				ProcessInitializeOnLoadMethodAttributes (4ms)
				AfterProcessingInitializeOnLoad (10ms)
				EditorAssembliesLoaded (0ms)
			ExecutionOrderSort2 (0ms)
			AwakeInstancesAfterBackupRestoration (6ms)
Platform modules already initialized, skipping
Refreshing native plugins compatible for Editor in 0.39 ms, found 2 plugins.
Preloading 0 native plugins for Editor in 0.00 ms.
Unloading 1397 Unused Serialized files (Serialized files now loaded: 0)
System memory in use before: 69.0 MB.
System memory in use after: 69.1 MB.

Unloading 13 unused Assets to reduce memory usage. Loaded Objects now: 1898.
Total: 1.827100 ms (FindLiveObjects: 0.166000 ms CreateObjectMapping: 0.049100 ms MarkObjects: 1.595800 ms  DeleteObjects: 0.014900 ms)

AssetImportParameters requested are different than current active one (requested -> active):
  custom:framework-win-MediaFoundation: 216162199b28c13a410421893ffa2e32 -> 
  custom:video-decoder-ogg-theora: a1e56fd34408186e4bbccfd4996cb3dc -> 
  custom:container-muxer-webm: aa71ff27fc2769a1b78a27578f13a17b -> 
  custom:container-demuxer-webm: 4f35f7cbe854078d1ac9338744f61a02 -> 
  custom:container-demuxer-ogg: 62fdf1f143b41e24485cea50d1cbac27 -> 
  custom:video-encoder-webm-vp8: eb34c28f22e8b96e1ab97ce403110664 -> 
  custom:video-codec-MediaFoundation-h265: 746d11721c4dcdbdad8f713fa42b33f4 -> 
  custom:video-decoder-webm-vp8: 9c59270c3fd7afecdb556c50c9e8de78 -> 
  custom:audio-decoder-ogg-vorbis: bf7c407c2cedff20999df2af8eb42d56 -> 
  custom:audio-encoder-webm-vorbis: bf7c407c2cedff20999df2af8eb42d56 -> 
========================================================================
Received Import Request.
  Time since last request: 168.785134 seconds.
  path: Assets/PlayerController.cs
  artifactKey: Guid(42660fcb5c46d924294408a63217172a) Importer(815301076,1909f56bfc062723c751e8b465ee728b)
Start importing Assets/PlayerController.cs using Guid(42660fcb5c46d924294408a63217172a) Importer(815301076,1909f56bfc062723c751e8b465ee728b)  -> (artifact id: '38a4212c4a2ab192e216c14050fc847d') in 0.006792 seconds 
  Import took 0.009317 seconds .

========================================================================
Received Import Request.
  Time since last request: 16.671322 seconds.
  path: Assets/PlayerController.cs
  artifactKey: Guid(42660fcb5c46d924294408a63217172a) Importer(815301076,1909f56bfc062723c751e8b465ee728b)
Start importing Assets/PlayerController.cs using Guid(42660fcb5c46d924294408a63217172a) Importer(815301076,1909f56bfc062723c751e8b465ee728b)  -> (artifact id: 'e19d46e6311d8e728f508dfb5e271a1b') in 0.004438 seconds 
  Import took 0.007773 seconds .

========================================================================
Received Import Request.
  Time since last request: 104.626765 seconds.
  path: Assets/PlayerController.cs
  artifactKey: Guid(42660fcb5c46d924294408a63217172a) Importer(815301076,1909f56bfc062723c751e8b465ee728b)
Start importing Assets/PlayerController.cs using Guid(42660fcb5c46d924294408a63217172a) Importer(815301076,1909f56bfc062723c751e8b465ee728b)  -> (artifact id: '4b432d71e5f161893f62c3295440c7cc') in 0.002832 seconds 
  Import took 0.005179 seconds .

========================================================================
Received Import Request.
  Time since last request: 69.941291 seconds.
  path: Assets/PlayerController.cs
  artifactKey: Guid(42660fcb5c46d924294408a63217172a) Importer(815301076,1909f56bfc062723c751e8b465ee728b)
Start importing Assets/PlayerController.cs using Guid(42660fcb5c46d924294408a63217172a) Importer(815301076,1909f56bfc062723c751e8b465ee728b)  -> (artifact id: '6128975ff3ac6378b47c63270b6a82b7') in 0.002899 seconds 
  Import took 0.005004 seconds .

========================================================================
Received Import Request.
  Time since last request: 45.429591 seconds.
  path: Assets/PlayerController.cs
  artifactKey: Guid(42660fcb5c46d924294408a63217172a) Importer(815301076,1909f56bfc062723c751e8b465ee728b)
Start importing Assets/PlayerController.cs using Guid(42660fcb5c46d924294408a63217172a) Importer(815301076,1909f56bfc062723c751e8b465ee728b)  -> (artifact id: 'dcdf22ae0f6eac9f84c54bbe3a06cbfa') in 0.003054 seconds 
  Import took 0.005400 seconds .

========================================================================
Received Import Request.
  Time since last request: 48.666642 seconds.
  path: Assets/PlayerController.cs
  artifactKey: Guid(42660fcb5c46d924294408a63217172a) Importer(815301076,1909f56bfc062723c751e8b465ee728b)
Start importing Assets/PlayerController.cs using Guid(42660fcb5c46d924294408a63217172a) Importer(815301076,1909f56bfc062723c751e8b465ee728b)  -> (artifact id: '56aee20063ce92cc988b4363469347e0') in 0.002741 seconds 
  Import took 0.004986 seconds .

========================================================================
Received Import Request.
  Time since last request: 74.070284 seconds.
  path: Assets/PlayerController.cs
  artifactKey: Guid(42660fcb5c46d924294408a63217172a) Importer(815301076,1909f56bfc062723c751e8b465ee728b)
Start importing Assets/PlayerController.cs using Guid(42660fcb5c46d924294408a63217172a) Importer(815301076,1909f56bfc062723c751e8b465ee728b)  -> (artifact id: 'adb94b802896fc31b33249b8e9922eb2') in 0.002725 seconds 
  Import took 0.004799 seconds .

========================================================================
Received Import Request.
  Time since last request: 26.426879 seconds.
  path: Assets/PlayerController.cs
  artifactKey: Guid(42660fcb5c46d924294408a63217172a) Importer(815301076,1909f56bfc062723c751e8b465ee728b)
Start importing Assets/PlayerController.cs using Guid(42660fcb5c46d924294408a63217172a) Importer(815301076,1909f56bfc062723c751e8b465ee728b)  -> (artifact id: '6e1828e486c692b39e9121da84fb0901') in 0.002804 seconds 
  Import took 0.004874 seconds .

========================================================================
Received Import Request.
  Time since last request: 100.015299 seconds.
  path: Assets/PlayerController.cs
  artifactKey: Guid(42660fcb5c46d924294408a63217172a) Importer(815301076,1909f56bfc062723c751e8b465ee728b)
Start importing Assets/PlayerController.cs using Guid(42660fcb5c46d924294408a63217172a) Importer(815301076,1909f56bfc062723c751e8b465ee728b)  -> (artifact id: '7b2bd3c046003e9860bc5969072ea4be') in 0.003929 seconds 
  Import took 0.006067 seconds .

========================================================================
Received Import Request.
  Time since last request: 6.780137 seconds.
  path: Assets/PlayerController.cs
  artifactKey: Guid(42660fcb5c46d924294408a63217172a) Importer(815301076,1909f56bfc062723c751e8b465ee728b)
Start importing Assets/PlayerController.cs using Guid(42660fcb5c46d924294408a63217172a) Importer(815301076,1909f56bfc062723c751e8b465ee728b)  -> (artifact id: 'b8c2a5cd1ab48f2a665a7489ea64023e') in 0.003693 seconds 
  Import took 0.006382 seconds .

========================================================================
Received Import Request.
  Time since last request: 5.364433 seconds.
  path: Assets/PlayerController.cs
  artifactKey: Guid(42660fcb5c46d924294408a63217172a) Importer(815301076,1909f56bfc062723c751e8b465ee728b)
Start importing Assets/PlayerController.cs using Guid(42660fcb5c46d924294408a63217172a) Importer(815301076,1909f56bfc062723c751e8b465ee728b)  -> (artifact id: '1f94d9090979e17165a6fa38481adce9') in 0.003020 seconds 
  Import took 0.005556 seconds .

========================================================================
Received Import Request.
  Time since last request: 2.550071 seconds.
  path: Assets/PlayerController.cs
  artifactKey: Guid(42660fcb5c46d924294408a63217172a) Importer(815301076,1909f56bfc062723c751e8b465ee728b)
Start importing Assets/PlayerController.cs using Guid(42660fcb5c46d924294408a63217172a) Importer(815301076,1909f56bfc062723c751e8b465ee728b)  -> (artifact id: 'fc6467dc82eb6004132753e99f02b224') in 0.002816 seconds 
  Import took 0.005013 seconds .

========================================================================
Received Import Request.
  Time since last request: 4.479159 seconds.
  path: Assets/PlayerController.cs
  artifactKey: Guid(42660fcb5c46d924294408a63217172a) Importer(815301076,1909f56bfc062723c751e8b465ee728b)
Start importing Assets/PlayerController.cs using Guid(42660fcb5c46d924294408a63217172a) Importer(815301076,1909f56bfc062723c751e8b465ee728b)  -> (artifact id: '6e210e03bb8574b6626ba6b1e5a7bbd9') in 0.003091 seconds 
  Import took 0.005509 seconds .

========================================================================
Received Import Request.
  Time since last request: 1.175078 seconds.
  path: Assets/PlayerController.cs
  artifactKey: Guid(42660fcb5c46d924294408a63217172a) Importer(815301076,1909f56bfc062723c751e8b465ee728b)
Start importing Assets/PlayerController.cs using Guid(42660fcb5c46d924294408a63217172a) Importer(815301076,1909f56bfc062723c751e8b465ee728b)  -> (artifact id: 'd4871a05c24f79336b438170842adaf0') in 0.006430 seconds 
  Import took 0.009310 seconds .

========================================================================
Received Import Request.
  Time since last request: 35.634846 seconds.
  path: Assets/PlayerController.cs
  artifactKey: Guid(42660fcb5c46d924294408a63217172a) Importer(815301076,1909f56bfc062723c751e8b465ee728b)
Start importing Assets/PlayerController.cs using Guid(42660fcb5c46d924294408a63217172a) Importer(815301076,1909f56bfc062723c751e8b465ee728b)  -> (artifact id: 'c9779a50c9ce9964826c912db83db02f') in 0.002941 seconds 
  Import took 0.005004 seconds .

========================================================================
Received Import Request.
  Time since last request: 4.146278 seconds.
  path: Assets/PlayerController.cs
  artifactKey: Guid(42660fcb5c46d924294408a63217172a) Importer(815301076,1909f56bfc062723c751e8b465ee728b)
Start importing Assets/PlayerController.cs using Guid(42660fcb5c46d924294408a63217172a) Importer(815301076,1909f56bfc062723c751e8b465ee728b)  -> (artifact id: '7db7b1d208536ec6a4eed64d464e9905') in 0.002870 seconds 
  Import took 0.004983 seconds .

========================================================================
Received Import Request.
  Time since last request: 30.377942 seconds.
  path: Assets/PlayerController.cs
  artifactKey: Guid(42660fcb5c46d924294408a63217172a) Importer(815301076,1909f56bfc062723c751e8b465ee728b)
Start importing Assets/PlayerController.cs using Guid(42660fcb5c46d924294408a63217172a) Importer(815301076,1909f56bfc062723c751e8b465ee728b)  -> (artifact id: '647a0a0ced19d23d86eabf2e2a82baa2') in 0.002757 seconds 
  Import took 0.004875 seconds .

========================================================================
Received Import Request.
  Time since last request: 18.843109 seconds.
  path: Assets/PlayerController.cs
  artifactKey: Guid(42660fcb5c46d924294408a63217172a) Importer(815301076,1909f56bfc062723c751e8b465ee728b)
Start importing Assets/PlayerController.cs using Guid(42660fcb5c46d924294408a63217172a) Importer(815301076,1909f56bfc062723c751e8b465ee728b)  -> (artifact id: '2d17cf8e9da32789598936792c460d7a') in 0.002887 seconds 
  Import took 0.005118 seconds .

========================================================================
Received Import Request.
  Time since last request: 15.514117 seconds.
  path: Assets/PlayerController.cs
  artifactKey: Guid(42660fcb5c46d924294408a63217172a) Importer(815301076,1909f56bfc062723c751e8b465ee728b)
Start importing Assets/PlayerController.cs using Guid(42660fcb5c46d924294408a63217172a) Importer(815301076,1909f56bfc062723c751e8b465ee728b)  -> (artifact id: 'dfa4353acb63ccbcfaec90d856cd6ef0') in 0.002978 seconds 
  Import took 0.005157 seconds .

========================================================================
Received Import Request.
  Time since last request: 8.533640 seconds.
  path: Assets/PlayerController.cs
  artifactKey: Guid(42660fcb5c46d924294408a63217172a) Importer(815301076,1909f56bfc062723c751e8b465ee728b)
Start importing Assets/PlayerController.cs using Guid(42660fcb5c46d924294408a63217172a) Importer(815301076,1909f56bfc062723c751e8b465ee728b)  -> (artifact id: '898cf0cf15df1071ca48124606960dee') in 0.003204 seconds 
  Import took 0.005407 seconds .

========================================================================
Received Import Request.
  Time since last request: 35.500006 seconds.
  path: Assets/PlayerController.cs
  artifactKey: Guid(42660fcb5c46d924294408a63217172a) Importer(815301076,1909f56bfc062723c751e8b465ee728b)
Start importing Assets/PlayerController.cs using Guid(42660fcb5c46d924294408a63217172a) Importer(815301076,1909f56bfc062723c751e8b465ee728b)  -> (artifact id: '019e2ed14b7b16e934ef824b6911213c') in 0.004153 seconds 
  Import took 0.006471 seconds .

========================================================================
Received Import Request.
  Time since last request: 18.900110 seconds.
  path: Assets/PlayerController.cs
  artifactKey: Guid(42660fcb5c46d924294408a63217172a) Importer(815301076,1909f56bfc062723c751e8b465ee728b)
Start importing Assets/PlayerController.cs using Guid(42660fcb5c46d924294408a63217172a) Importer(815301076,1909f56bfc062723c751e8b465ee728b)  -> (artifact id: '33c5efed647111e1758788bb246b2cfb') in 0.003018 seconds 
  Import took 0.005617 seconds .

========================================================================
Received Import Request.
  Time since last request: 5.243889 seconds.
  path: Assets/PlayerController.cs
  artifactKey: Guid(42660fcb5c46d924294408a63217172a) Importer(815301076,1909f56bfc062723c751e8b465ee728b)
Start importing Assets/PlayerController.cs using Guid(42660fcb5c46d924294408a63217172a) Importer(815301076,1909f56bfc062723c751e8b465ee728b)  -> (artifact id: 'a2ff33547dabbf65aa6065dbc0d21d96') in 0.002949 seconds 
  Import took 0.005482 seconds .

========================================================================
Received Import Request.
  Time since last request: 19.991028 seconds.
  path: Assets/PlayerController.cs
  artifactKey: Guid(42660fcb5c46d924294408a63217172a) Importer(815301076,1909f56bfc062723c751e8b465ee728b)
Start importing Assets/PlayerController.cs using Guid(42660fcb5c46d924294408a63217172a) Importer(815301076,1909f56bfc062723c751e8b465ee728b)  -> (artifact id: 'c4a8a854fe8708d45545960f5270c74e') in 0.005654 seconds 
  Import took 0.008516 seconds .

========================================================================
Received Prepare
Registering precompiled user dll's ...
Registered in 0.009198 seconds.
Begin MonoManager ReloadAssembly
Native extension for WindowsStandalone target not found
Refreshing native plugins compatible for Editor in 0.53 ms, found 2 plugins.
Preloading 0 native plugins for Editor in 0.00 ms.
Mono: successfully reloaded assembly
- Completed reload, in  1.239 seconds
Domain Reload Profiling:
	ReloadAssembly (1240ms)
		BeginReloadAssembly (123ms)
			ExecutionOrderSort (0ms)
			DisableScriptedObjects (5ms)
			BackupInstance (0ms)
			ReleaseScriptingObjects (0ms)
			CreateAndSetChildDomain (32ms)
		EndReloadAssembly (1042ms)
			LoadAssemblies (126ms)
			RebuildTransferFunctionScriptingTraits (0ms)
			SetupTypeCache (359ms)
			ReleaseScriptCaches (3ms)
			RebuildScriptCaches (50ms)
			SetupLoadedEditorAssemblies (371ms)
				LogAssemblyErrors (0ms)
				InitializePlatformSupportModulesInManaged (7ms)
				SetLoadedEditorAssemblies (0ms)
				RefreshPlugins (1ms)
				BeforeProcessingInitializeOnLoad (68ms)
				ProcessInitializeOnLoadAttributes (278ms)
				ProcessInitializeOnLoadMethodAttributes (6ms)
				AfterProcessingInitializeOnLoad (11ms)
				EditorAssembliesLoaded (0ms)
			ExecutionOrderSort2 (0ms)
			AwakeInstancesAfterBackupRestoration (8ms)
Platform modules already initialized, skipping
Refreshing native plugins compatible for Editor in 0.38 ms, found 2 plugins.
Preloading 0 native plugins for Editor in 0.00 ms.
Unloading 1397 Unused Serialized files (Serialized files now loaded: 0)
System memory in use before: 69.0 MB.
System memory in use after: 69.1 MB.

Unloading 13 unused Assets to reduce memory usage. Loaded Objects now: 1901.
Total: 2.164100 ms (FindLiveObjects: 0.167200 ms CreateObjectMapping: 0.049300 ms MarkObjects: 1.925600 ms  DeleteObjects: 0.020400 ms)

AssetImportParameters requested are different than current active one (requested -> active):
  custom:framework-win-MediaFoundation: 216162199b28c13a410421893ffa2e32 -> 
  custom:video-decoder-ogg-theora: a1e56fd34408186e4bbccfd4996cb3dc -> 
  custom:container-muxer-webm: aa71ff27fc2769a1b78a27578f13a17b -> 
  custom:container-demuxer-webm: 4f35f7cbe854078d1ac9338744f61a02 -> 
  custom:container-demuxer-ogg: 62fdf1f143b41e24485cea50d1cbac27 -> 
  custom:video-encoder-webm-vp8: eb34c28f22e8b96e1ab97ce403110664 -> 
  custom:video-codec-MediaFoundation-h265: 746d11721c4dcdbdad8f713fa42b33f4 -> 
  custom:video-decoder-webm-vp8: 9c59270c3fd7afecdb556c50c9e8de78 -> 
  custom:audio-decoder-ogg-vorbis: bf7c407c2cedff20999df2af8eb42d56 -> 
  custom:audio-encoder-webm-vorbis: bf7c407c2cedff20999df2af8eb42d56 -> 
========================================================================
Received Prepare
Registering precompiled user dll's ...
Registered in 0.006784 seconds.
Begin MonoManager ReloadAssembly
Native extension for WindowsStandalone target not found
Refreshing native plugins compatible for Editor in 0.33 ms, found 2 plugins.
Preloading 0 native plugins for Editor in 0.00 ms.
Mono: successfully reloaded assembly
- Completed reload, in  1.001 seconds
Domain Reload Profiling:
	ReloadAssembly (1001ms)
		BeginReloadAssembly (108ms)
			ExecutionOrderSort (0ms)
			DisableScriptedObjects (4ms)
			BackupInstance (0ms)
			ReleaseScriptingObjects (0ms)
			CreateAndSetChildDomain (26ms)
		EndReloadAssembly (830ms)
			LoadAssemblies (94ms)
			RebuildTransferFunctionScriptingTraits (0ms)
			SetupTypeCache (260ms)
			ReleaseScriptCaches (1ms)
			RebuildScriptCaches (35ms)
			SetupLoadedEditorAssemblies (356ms)
				LogAssemblyErrors (0ms)
				InitializePlatformSupportModulesInManaged (5ms)
				SetLoadedEditorAssemblies (0ms)
				RefreshPlugins (0ms)
				BeforeProcessingInitializeOnLoad (57ms)
				ProcessInitializeOnLoadAttributes (281ms)
				ProcessInitializeOnLoadMethodAttributes (4ms)
				AfterProcessingInitializeOnLoad (9ms)
				EditorAssembliesLoaded (0ms)
			ExecutionOrderSort2 (0ms)
			AwakeInstancesAfterBackupRestoration (6ms)
Platform modules already initialized, skipping
Refreshing native plugins compatible for Editor in 0.28 ms, found 2 plugins.
Preloading 0 native plugins for Editor in 0.00 ms.
Unloading 1397 Unused Serialized files (Serialized files now loaded: 0)
System memory in use before: 69.0 MB.
System memory in use after: 69.1 MB.

Unloading 13 unused Assets to reduce memory usage. Loaded Objects now: 1904.
Total: 1.864800 ms (FindLiveObjects: 0.155700 ms CreateObjectMapping: 0.045200 ms MarkObjects: 1.646500 ms  DeleteObjects: 0.016500 ms)

AssetImportParameters requested are different than current active one (requested -> active):
  custom:framework-win-MediaFoundation: 216162199b28c13a410421893ffa2e32 -> 
  custom:video-decoder-ogg-theora: a1e56fd34408186e4bbccfd4996cb3dc -> 
  custom:container-muxer-webm: aa71ff27fc2769a1b78a27578f13a17b -> 
  custom:container-demuxer-webm: 4f35f7cbe854078d1ac9338744f61a02 -> 
  custom:container-demuxer-ogg: 62fdf1f143b41e24485cea50d1cbac27 -> 
  custom:video-encoder-webm-vp8: eb34c28f22e8b96e1ab97ce403110664 -> 
  custom:video-codec-MediaFoundation-h265: 746d11721c4dcdbdad8f713fa42b33f4 -> 
  custom:video-decoder-webm-vp8: 9c59270c3fd7afecdb556c50c9e8de78 -> 
  custom:audio-decoder-ogg-vorbis: bf7c407c2cedff20999df2af8eb42d56 -> 
  custom:audio-encoder-webm-vorbis: bf7c407c2cedff20999df2af8eb42d56 -> 
========================================================================
Received Prepare
Registering precompiled user dll's ...
Registered in 0.007031 seconds.
Begin MonoManager ReloadAssembly
Native extension for WindowsStandalone target not found
Refreshing native plugins compatible for Editor in 0.39 ms, found 2 plugins.
Preloading 0 native plugins for Editor in 0.00 ms.
Mono: successfully reloaded assembly
- Completed reload, in  1.228 seconds
Domain Reload Profiling:
	ReloadAssembly (1229ms)
		BeginReloadAssembly (130ms)
			ExecutionOrderSort (0ms)
			DisableScriptedObjects (4ms)
			BackupInstance (0ms)
			ReleaseScriptingObjects (0ms)
			CreateAndSetChildDomain (29ms)
		EndReloadAssembly (1023ms)
			LoadAssemblies (106ms)
			RebuildTransferFunctionScriptingTraits (0ms)
			SetupTypeCache (326ms)
			ReleaseScriptCaches (1ms)
			RebuildScriptCaches (46ms)
			SetupLoadedEditorAssemblies (394ms)
				LogAssemblyErrors (0ms)
				InitializePlatformSupportModulesInManaged (13ms)
				SetLoadedEditorAssemblies (1ms)
				RefreshPlugins (1ms)
				BeforeProcessingInitializeOnLoad (100ms)
				ProcessInitializeOnLoadAttributes (267ms)
				ProcessInitializeOnLoadMethodAttributes (4ms)
				AfterProcessingInitializeOnLoad (9ms)
				EditorAssembliesLoaded (0ms)
			ExecutionOrderSort2 (0ms)
			AwakeInstancesAfterBackupRestoration (6ms)
Platform modules already initialized, skipping
Refreshing native plugins compatible for Editor in 0.32 ms, found 2 plugins.
Preloading 0 native plugins for Editor in 0.00 ms.
Unloading 1397 Unused Serialized files (Serialized files now loaded: 0)
System memory in use before: 69.0 MB.
System memory in use after: 69.1 MB.

Unloading 13 unused Assets to reduce memory usage. Loaded Objects now: 1907.
Total: 1.965600 ms (FindLiveObjects: 0.138200 ms CreateObjectMapping: 0.040500 ms MarkObjects: 1.714100 ms  DeleteObjects: 0.071800 ms)

AssetImportParameters requested are different than current active one (requested -> active):
  custom:framework-win-MediaFoundation: 216162199b28c13a410421893ffa2e32 -> 
  custom:video-decoder-ogg-theora: a1e56fd34408186e4bbccfd4996cb3dc -> 
  custom:container-muxer-webm: aa71ff27fc2769a1b78a27578f13a17b -> 
  custom:container-demuxer-webm: 4f35f7cbe854078d1ac9338744f61a02 -> 
  custom:container-demuxer-ogg: 62fdf1f143b41e24485cea50d1cbac27 -> 
  custom:video-encoder-webm-vp8: eb34c28f22e8b96e1ab97ce403110664 -> 
  custom:video-codec-MediaFoundation-h265: 746d11721c4dcdbdad8f713fa42b33f4 -> 
  custom:video-decoder-webm-vp8: 9c59270c3fd7afecdb556c50c9e8de78 -> 
  custom:audio-decoder-ogg-vorbis: bf7c407c2cedff20999df2af8eb42d56 -> 
  custom:audio-encoder-webm-vorbis: bf7c407c2cedff20999df2af8eb42d56 -> 
========================================================================
Received Prepare
Registering precompiled user dll's ...
Registered in 0.009158 seconds.
Begin MonoManager ReloadAssembly
Native extension for WindowsStandalone target not found
Refreshing native plugins compatible for Editor in 0.34 ms, found 2 plugins.
Preloading 0 native plugins for Editor in 0.00 ms.
Mono: successfully reloaded assembly
- Completed reload, in  1.186 seconds
Domain Reload Profiling:
	ReloadAssembly (1186ms)
		BeginReloadAssembly (134ms)
			ExecutionOrderSort (0ms)
			DisableScriptedObjects (5ms)
			BackupInstance (0ms)
			ReleaseScriptingObjects (0ms)
			CreateAndSetChildDomain (33ms)
		EndReloadAssembly (977ms)
			LoadAssemblies (114ms)
			RebuildTransferFunctionScriptingTraits (0ms)
			SetupTypeCache (317ms)
			ReleaseScriptCaches (1ms)
			RebuildScriptCaches (95ms)
			SetupLoadedEditorAssemblies (310ms)
				LogAssemblyErrors (0ms)
				InitializePlatformSupportModulesInManaged (5ms)
				SetLoadedEditorAssemblies (0ms)
				RefreshPlugins (0ms)
				BeforeProcessingInitializeOnLoad (62ms)
				ProcessInitializeOnLoadAttributes (228ms)
				ProcessInitializeOnLoadMethodAttributes (5ms)
				AfterProcessingInitializeOnLoad (9ms)
				EditorAssembliesLoaded (0ms)
			ExecutionOrderSort2 (0ms)
			AwakeInstancesAfterBackupRestoration (7ms)
Platform modules already initialized, skipping
Refreshing native plugins compatible for Editor in 0.42 ms, found 2 plugins.
Preloading 0 native plugins for Editor in 0.00 ms.
Unloading 1397 Unused Serialized files (Serialized files now loaded: 0)
System memory in use before: 69.0 MB.
System memory in use after: 69.1 MB.

Unloading 13 unused Assets to reduce memory usage. Loaded Objects now: 1910.
Total: 2.610700 ms (FindLiveObjects: 0.180700 ms CreateObjectMapping: 0.058500 ms MarkObjects: 2.219100 ms  DeleteObjects: 0.151000 ms)

AssetImportParameters requested are different than current active one (requested -> active):
  custom:framework-win-MediaFoundation: 216162199b28c13a410421893ffa2e32 -> 
  custom:video-decoder-ogg-theora: a1e56fd34408186e4bbccfd4996cb3dc -> 
  custom:container-muxer-webm: aa71ff27fc2769a1b78a27578f13a17b -> 
  custom:container-demuxer-webm: 4f35f7cbe854078d1ac9338744f61a02 -> 
  custom:container-demuxer-ogg: 62fdf1f143b41e24485cea50d1cbac27 -> 
  custom:video-encoder-webm-vp8: eb34c28f22e8b96e1ab97ce403110664 -> 
  custom:video-codec-MediaFoundation-h265: 746d11721c4dcdbdad8f713fa42b33f4 -> 
  custom:video-decoder-webm-vp8: 9c59270c3fd7afecdb556c50c9e8de78 -> 
  custom:audio-decoder-ogg-vorbis: bf7c407c2cedff20999df2af8eb42d56 -> 
  custom:audio-encoder-webm-vorbis: bf7c407c2cedff20999df2af8eb42d56 -> 
========================================================================
Received Prepare
Registering precompiled user dll's ...
Registered in 0.006747 seconds.
Begin MonoManager ReloadAssembly
Native extension for WindowsStandalone target not found
Refreshing native plugins compatible for Editor in 0.28 ms, found 2 plugins.
Preloading 0 native plugins for Editor in 0.00 ms.
Mono: successfully reloaded assembly
- Completed reload, in  1.125 seconds
Domain Reload Profiling:
	ReloadAssembly (1126ms)
		BeginReloadAssembly (133ms)
			ExecutionOrderSort (0ms)
			DisableScriptedObjects (5ms)
			BackupInstance (0ms)
			ReleaseScriptingObjects (0ms)
			CreateAndSetChildDomain (35ms)
		EndReloadAssembly (923ms)
			LoadAssemblies (106ms)
			RebuildTransferFunctionScriptingTraits (0ms)
			SetupTypeCache (354ms)
			ReleaseScriptCaches (1ms)
			RebuildScriptCaches (46ms)
			SetupLoadedEditorAssemblies (300ms)
				LogAssemblyErrors (0ms)
				InitializePlatformSupportModulesInManaged (5ms)
				SetLoadedEditorAssemblies (0ms)
				RefreshPlugins (0ms)
				BeforeProcessingInitializeOnLoad (53ms)
				ProcessInitializeOnLoadAttributes (226ms)
				ProcessInitializeOnLoadMethodAttributes (4ms)
				AfterProcessingInitializeOnLoad (10ms)
				EditorAssembliesLoaded (0ms)
			ExecutionOrderSort2 (0ms)
			AwakeInstancesAfterBackupRestoration (7ms)
Platform modules already initialized, skipping
Refreshing native plugins compatible for Editor in 0.30 ms, found 2 plugins.
Preloading 0 native plugins for Editor in 0.00 ms.
Unloading 1397 Unused Serialized files (Serialized files now loaded: 0)
System memory in use before: 69.0 MB.
System memory in use after: 69.1 MB.

Unloading 13 unused Assets to reduce memory usage. Loaded Objects now: 1913.
Total: 2.427300 ms (FindLiveObjects: 0.330600 ms CreateObjectMapping: 0.062400 ms MarkObjects: 2.006800 ms  DeleteObjects: 0.025800 ms)

AssetImportParameters requested are different than current active one (requested -> active):
  custom:framework-win-MediaFoundation: 216162199b28c13a410421893ffa2e32 -> 
  custom:video-decoder-ogg-theora: a1e56fd34408186e4bbccfd4996cb3dc -> 
  custom:container-muxer-webm: aa71ff27fc2769a1b78a27578f13a17b -> 
  custom:container-demuxer-webm: 4f35f7cbe854078d1ac9338744f61a02 -> 
  custom:container-demuxer-ogg: 62fdf1f143b41e24485cea50d1cbac27 -> 
  custom:video-encoder-webm-vp8: eb34c28f22e8b96e1ab97ce403110664 -> 
  custom:video-codec-MediaFoundation-h265: 746d11721c4dcdbdad8f713fa42b33f4 -> 
  custom:video-decoder-webm-vp8: 9c59270c3fd7afecdb556c50c9e8de78 -> 
  custom:audio-decoder-ogg-vorbis: bf7c407c2cedff20999df2af8eb42d56 -> 
  custom:audio-encoder-webm-vorbis: bf7c407c2cedff20999df2af8eb42d56 -> 
========================================================================
Received Prepare
Registering precompiled user dll's ...
Registered in 0.007218 seconds.
Begin MonoManager ReloadAssembly
Native extension for WindowsStandalone target not found
Refreshing native plugins compatible for Editor in 0.57 ms, found 2 plugins.
Preloading 0 native plugins for Editor in 0.00 ms.
Mono: successfully reloaded assembly
- Completed reload, in  1.052 seconds
Domain Reload Profiling:
	ReloadAssembly (1053ms)
		BeginReloadAssembly (123ms)
			ExecutionOrderSort (0ms)
			DisableScriptedObjects (4ms)
			BackupInstance (0ms)
			ReleaseScriptingObjects (0ms)
			CreateAndSetChildDomain (29ms)
		EndReloadAssembly (864ms)
			LoadAssemblies (101ms)
			RebuildTransferFunctionScriptingTraits (0ms)
			SetupTypeCache (267ms)
			ReleaseScriptCaches (1ms)
			RebuildScriptCaches (43ms)
			SetupLoadedEditorAssemblies (333ms)
				LogAssemblyErrors (0ms)
				InitializePlatformSupportModulesInManaged (5ms)
				SetLoadedEditorAssemblies (1ms)
				RefreshPlugins (1ms)
				BeforeProcessingInitializeOnLoad (63ms)
				ProcessInitializeOnLoadAttributes (249ms)
				ProcessInitializeOnLoadMethodAttributes (4ms)
				AfterProcessingInitializeOnLoad (10ms)
				EditorAssembliesLoaded (0ms)
			ExecutionOrderSort2 (0ms)
			AwakeInstancesAfterBackupRestoration (7ms)
Platform modules already initialized, skipping
Refreshing native plugins compatible for Editor in 0.34 ms, found 2 plugins.
Preloading 0 native plugins for Editor in 0.00 ms.
Unloading 1397 Unused Serialized files (Serialized files now loaded: 0)
System memory in use before: 69.0 MB.
System memory in use after: 69.1 MB.

Unloading 13 unused Assets to reduce memory usage. Loaded Objects now: 1916.
Total: 1.741200 ms (FindLiveObjects: 0.174100 ms CreateObjectMapping: 0.054000 ms MarkObjects: 1.497900 ms  DeleteObjects: 0.014400 ms)

AssetImportParameters requested are different than current active one (requested -> active):
  custom:framework-win-MediaFoundation: 216162199b28c13a410421893ffa2e32 -> 
  custom:video-decoder-ogg-theora: a1e56fd34408186e4bbccfd4996cb3dc -> 
  custom:container-muxer-webm: aa71ff27fc2769a1b78a27578f13a17b -> 
  custom:container-demuxer-webm: 4f35f7cbe854078d1ac9338744f61a02 -> 
  custom:container-demuxer-ogg: 62fdf1f143b41e24485cea50d1cbac27 -> 
  custom:video-encoder-webm-vp8: eb34c28f22e8b96e1ab97ce403110664 -> 
  custom:video-codec-MediaFoundation-h265: 746d11721c4dcdbdad8f713fa42b33f4 -> 
  custom:video-decoder-webm-vp8: 9c59270c3fd7afecdb556c50c9e8de78 -> 
  custom:audio-decoder-ogg-vorbis: bf7c407c2cedff20999df2af8eb42d56 -> 
  custom:audio-encoder-webm-vorbis: bf7c407c2cedff20999df2af8eb42d56 -> 
AssetImportWorkerClient::OnTransportError - code=2 error=End of file
